<?xml version="1.0" encoding="UTF-8"?>
<coverage generated="1752097246370" clover="3.2.0">
  <project timestamp="1752097246371" name="All files">
    <metrics statements="6" coveredstatements="6" conditionals="3" coveredconditionals="2" methods="1" coveredmethods="1" elements="10" coveredelements="9" complexity="0" loc="6" ncloc="6" packages="1" files="1" classes="1"/>
    <file name="ErrorModal.js" path="C:\Users\marti\Documents\GitHub\Gestion-de-turnos-Front\mi-turnito\src\ui\components\ErrorModal.js">
      <metrics statements="6" coveredstatements="6" conditionals="3" coveredconditionals="2" methods="1" coveredmethods="1"/>
      <line num="9" count="3" type="stmt"/>
      <line num="10" count="3" type="stmt"/>
      <line num="13" count="3" type="stmt"/>
      <line num="19" count="3" type="cond" truecount="1" falsecount="1"/>
      <line num="22" count="3" type="stmt"/>
      <line num="47" count="1" type="stmt"/>
    </file>
  </project>
</coverage>
