{"C:\\Users\\marti\\Documents\\GitHub\\Gestion-de-turnos-Front\\mi-turnito\\src\\ui\\components\\ErrorModal.js": {"path":"C:\\Users\\marti\\Documents\\GitHub\\Gestion-de-turnos-Front\\mi-turnito\\src\\ui\\components\\ErrorModal.js","statementMap":{"0":{"start":{"line":9,"column":18},"end":{"line":9,"column":28}},"1":{"start":{"line":10,"column":14},"end":{"line":10,"column":30}},"2":{"start":{"line":13,"column":17},"end":{"line":16,"column":1}},"3":{"start":{"line":19,"column":24},"end":{"line":19,"column":56}},"4":{"start":{"line":22,"column":0},"end":{"line":43,"column":2}},"5":{"start":{"line":47,"column":15},"end":{"line":86,"column":2}}},"fnMap":{"0":{"name":"ErrorModal","decl":{"start":{"line":8,"column":24},"end":{"line":8,"column":34}},"loc":{"start":{"line":8,"column":82},"end":{"line":44,"column":1}},"line":8}},"branchMap":{"0":{"loc":{"start":{"line":8,"column":64},"end":{"line":8,"column":78}},"type":"default-arg","locations":[{"start":{"line":8,"column":71},"end":{"line":8,"column":78}}],"line":8},"1":{"loc":{"start":{"line":19,"column":24},"end":{"line":19,"column":56}},"type":"binary-expr","locations":[{"start":{"line":19,"column":24},"end":{"line":19,"column":38}},{"start":{"line":19,"column":42},"end":{"line":19,"column":56}}],"line":19}},"s":{"0":3,"1":3,"2":3,"3":3,"4":3,"5":1},"f":{"0":3},"b":{"0":[3],"1":[3,0]},"_coverageSchema":"1a1c01bbd47fc00a2c39e90264f33305004495a9","hash":"ab1dfa713120c636e3ad75329adbaacddf1e684a"}
}
